<?xml version="1.0" encoding="utf-8"?><testsuites name="pytest tests"><testsuite name="pytest" errors="0" failures="0" skipped="0" tests="30" time="13.668" timestamp="2026-02-25T11:32:20.968528+00:00" hostname="agent-env-ab98f495-eb3e-4987-a67b-1900df79d159"><testcase classname="backend.tests.test_admin_destinations_promotions.TestAdminLogin" name="test_admin_login_success" time="0.353" /><testcase classname="backend.tests.test_admin_destinations_promotions.TestAdminLogin" name="test_admin_login_invalid_credentials" time="0.348" /><testcase classname="backend.tests.test_admin_destinations_promotions.TestAdminDestinations" name="test_get_destinations" time="0.431" /><testcase classname="backend.tests.test_admin_destinations_promotions.TestAdminDestinations" name="test_create_destination" time="0.446" /><testcase classname="backend.tests.test_admin_destinations_promotions.TestAdminDestinations" name="test_update_destination_with_description" time="0.656" /><testcase classname="backend.tests.test_admin_destinations_promotions.TestAdminDestinations" name="test_toggle_destination_enabled" time="0.644" /><testcase classname="backend.tests.test_admin_destinations_promotions.TestAdminDestinations" name="test_delete_destination" time="0.660" /><testcase classname="backend.tests.test_admin_destinations_promotions.TestAdminDestinations" name="test_destinations_require_auth" time="0.442" /><testcase classname="backend.tests.test_admin_destinations_promotions.TestAdminPromotions" name="test_get_promotions" time="0.447" /><testcase classname="backend.tests.test_admin_destinations_promotions.TestAdminPromotions" name="test_create_promotion" time="0.690" /><testcase classname="backend.tests.test_admin_destinations_promotions.TestAdminPromotions" name="test_update_promotion" time="0.840" /><testcase classname="backend.tests.test_admin_destinations_promotions.TestAdminPromotions" name="test_delete_promotion" time="0.681" /><testcase classname="backend.tests.test_admin_destinations_promotions.TestAdminPromotions" name="test_public_promotions_endpoint" time="0.465" /><testcase classname="backend.tests.test_admin_destinations_promotions.TestAdminPromotions" name="test_promotions_require_auth" time="0.426" /><testcase classname="backend.tests.test_admin_destinations_promotions.TestProviderSubscriptionStatus" name="test_get_providers_with_subscription_status" time="0.431" /><testcase classname="backend.tests.test_provider_api.TestHealthAndSetup" name="test_api_health" time="0.112" /><testcase classname="backend.tests.test_provider_api.TestPublicServiceOffers" name="test_get_public_service_offers" time="0.101" /><testcase classname="backend.tests.test_provider_api.TestProviderRegistration" name="test_provider_registration_success" time="0.344" /><testcase classname="backend.tests.test_provider_api.TestProviderRegistration" name="test_provider_registration_duplicate_email" time="0.100" /><testcase classname="backend.tests.test_provider_api.TestProviderLogin" name="test_provider_login_success" time="0.334" /><testcase classname="backend.tests.test_provider_api.TestProviderLogin" name="test_provider_login_invalid_credentials" time="0.323" /><testcase classname="backend.tests.test_provider_api.TestProviderLogin" name="test_provider_login_nonexistent_email" time="0.113" /><testcase classname="backend.tests.test_provider_api.TestProviderOffersCRUD" name="test_get_provider_offers" time="0.470" /><testcase classname="backend.tests.test_provider_api.TestProviderOffersCRUD" name="test_create_provider_offer" time="0.449" /><testcase classname="backend.tests.test_provider_api.TestProviderOffersCRUD" name="test_update_provider_offer" time="0.649" /><testcase classname="backend.tests.test_provider_api.TestProviderOffersCRUD" name="test_delete_provider_offer" time="0.663" /><testcase classname="backend.tests.test_provider_api.TestAdminProviderManagement" name="test_get_all_providers" time="0.437" /><testcase classname="backend.tests.test_provider_api.TestAdminProviderManagement" name="test_toggle_provider_status" time="0.638" /><testcase classname="backend.tests.test_provider_api.TestAdminProviderManagement" name="test_admin_without_auth" time="0.437" /><testcase classname="backend.tests.test_provider_api.TestProviderMeEndpoint" name="test_get_provider_profile" time="0.466" /></testsuite></testsuites>