<?xml version="1.0" encoding="utf-8"?><testsuites name="pytest tests"><testsuite name="pytest" errors="0" failures="0" skipped="0" tests="15" time="5.686" timestamp="2026-02-25T10:37:40.790078+00:00" hostname="agent-env-cf149c1f-651c-4332-9643-ec527340d0ed"><testcase classname="tests.test_provider_api.TestHealthAndSetup" name="test_api_health" time="0.166" /><testcase classname="tests.test_provider_api.TestPublicServiceOffers" name="test_get_public_service_offers" time="0.107" /><testcase classname="tests.test_provider_api.TestProviderRegistration" name="test_provider_registration_success" time="0.352" /><testcase classname="tests.test_provider_api.TestProviderRegistration" name="test_provider_registration_duplicate_email" time="0.097" /><testcase classname="tests.test_provider_api.TestProviderLogin" name="test_provider_login_success" time="0.333" /><testcase classname="tests.test_provider_api.TestProviderLogin" name="test_provider_login_invalid_credentials" time="0.321" /><testcase classname="tests.test_provider_api.TestProviderLogin" name="test_provider_login_nonexistent_email" time="0.109" /><testcase classname="tests.test_provider_api.TestProviderOffersCRUD" name="test_get_provider_offers" time="0.439" /><testcase classname="tests.test_provider_api.TestProviderOffersCRUD" name="test_create_provider_offer" time="0.466" /><testcase classname="tests.test_provider_api.TestProviderOffersCRUD" name="test_update_provider_offer" time="0.649" /><testcase classname="tests.test_provider_api.TestProviderOffersCRUD" name="test_delete_provider_offer" time="0.646" /><testcase classname="tests.test_provider_api.TestAdminProviderManagement" name="test_get_all_providers" time="0.420" /><testcase classname="tests.test_provider_api.TestAdminProviderManagement" name="test_toggle_provider_status" time="0.642" /><testcase classname="tests.test_provider_api.TestAdminProviderManagement" name="test_admin_without_auth" time="0.450" /><testcase classname="tests.test_provider_api.TestProviderMeEndpoint" name="test_get_provider_profile" time="0.426" /></testsuite></testsuites>