<?xml version="1.0" encoding="utf-8"?><testsuites name="pytest tests"><testsuite name="pytest" errors="0" failures="0" skipped="0" tests="15" time="7.954" timestamp="2026-02-25T11:27:59.665395+00:00" hostname="agent-env-ab98f495-eb3e-4987-a67b-1900df79d159"><testcase classname="backend.tests.test_admin_destinations_promotions.TestAdminLogin" name="test_admin_login_success" time="0.490" /><testcase classname="backend.tests.test_admin_destinations_promotions.TestAdminLogin" name="test_admin_login_invalid_credentials" time="0.328" /><testcase classname="backend.tests.test_admin_destinations_promotions.TestAdminDestinations" name="test_get_destinations" time="0.476" /><testcase classname="backend.tests.test_admin_destinations_promotions.TestAdminDestinations" name="test_create_destination" time="0.441" /><testcase classname="backend.tests.test_admin_destinations_promotions.TestAdminDestinations" name="test_update_destination_with_description" time="0.655" /><testcase classname="backend.tests.test_admin_destinations_promotions.TestAdminDestinations" name="test_toggle_destination_enabled" time="0.776" /><testcase classname="backend.tests.test_admin_destinations_promotions.TestAdminDestinations" name="test_delete_destination" time="0.679" /><testcase classname="backend.tests.test_admin_destinations_promotions.TestAdminDestinations" name="test_destinations_require_auth" time="0.430" /><testcase classname="backend.tests.test_admin_destinations_promotions.TestAdminPromotions" name="test_get_promotions" time="0.436" /><testcase classname="backend.tests.test_admin_destinations_promotions.TestAdminPromotions" name="test_create_promotion" time="0.460" /><testcase classname="backend.tests.test_admin_destinations_promotions.TestAdminPromotions" name="test_update_promotion" time="0.659" /><testcase classname="backend.tests.test_admin_destinations_promotions.TestAdminPromotions" name="test_delete_promotion" time="0.656" /><testcase classname="backend.tests.test_admin_destinations_promotions.TestAdminPromotions" name="test_public_promotions_endpoint" time="0.448" /><testcase classname="backend.tests.test_admin_destinations_promotions.TestAdminPromotions" name="test_promotions_require_auth" time="0.482" /><testcase classname="backend.tests.test_admin_destinations_promotions.TestProviderSubscriptionStatus" name="test_get_providers_with_subscription_status" time="0.461" /></testsuite></testsuites>