<?xml version="1.0" encoding="utf-8"?><testsuites name="pytest tests"><testsuite name="pytest" errors="0" failures="3" skipped="0" tests="15" time="5.463" timestamp="2026-02-25T10:37:02.979337+00:00" hostname="agent-env-cf149c1f-651c-4332-9643-ec527340d0ed"><testcase classname="tests.test_provider_api.TestHealthAndSetup" name="test_api_health" time="0.233" /><testcase classname="tests.test_provider_api.TestPublicServiceOffers" name="test_get_public_service_offers" time="0.116" /><testcase classname="tests.test_provider_api.TestProviderRegistration" name="test_provider_registration_success" time="0.353" /><testcase classname="tests.test_provider_api.TestProviderRegistration" name="test_provider_registration_duplicate_email" time="0.108" /><testcase classname="tests.test_provider_api.TestProviderLogin" name="test_provider_login_success" time="0.339" /><testcase classname="tests.test_provider_api.TestProviderLogin" name="test_provider_login_invalid_credentials" time="0.322" /><testcase classname="tests.test_provider_api.TestProviderLogin" name="test_provider_login_nonexistent_email" time="0.116" /><testcase classname="tests.test_provider_api.TestProviderOffersCRUD" name="test_get_provider_offers" time="0.440" /><testcase classname="tests.test_provider_api.TestProviderOffersCRUD" name="test_create_provider_offer" time="0.430"><failure message="AssertionError: assert 'id' in {'message': 'Oferta creada exitosamente', 'offer': {'created_at': '2026-02-25T10:37:05.587383', 'description': 'Test offer for automated testing', 'exchange_rate': '1 USD = 350 CUP', 'expires_at': '2026-12-31T23:59:59', ...}}">tests/test_provider_api.py:224: in test_create_provider_offer
    assert "id" in data
E   AssertionError: assert 'id' in {'message': 'Oferta creada exitosamente', 'offer': {'created_at': '2026-02-25T10:37:05.587383', 'description': 'Test offer for automated testing', 'exchange_rate': '1 USD = 350 CUP', 'expires_at': '2026-12-31T23:59:59', ...}}</failure></testcase><testcase classname="tests.test_provider_api.TestProviderOffersCRUD" name="test_update_provider_offer" time="0.437"><failure message="KeyError: 'id'">tests/test_provider_api.py:250: in test_update_provider_offer
    offer_id = create_resp.json()["id"]
               ^^^^^^^^^^^^^^^^^^^^^^^^
E   KeyError: 'id'</failure></testcase><testcase classname="tests.test_provider_api.TestProviderOffersCRUD" name="test_delete_provider_offer" time="0.427"><failure message="KeyError: 'id'">tests/test_provider_api.py:296: in test_delete_provider_offer
    offer_id = create_resp.json()["id"]
               ^^^^^^^^^^^^^^^^^^^^^^^^
E   KeyError: 'id'</failure></testcase><testcase classname="tests.test_provider_api.TestAdminProviderManagement" name="test_get_all_providers" time="0.428" /><testcase classname="tests.test_provider_api.TestAdminProviderManagement" name="test_toggle_provider_status" time="0.634" /><testcase classname="tests.test_provider_api.TestAdminProviderManagement" name="test_admin_without_auth" time="0.433" /><testcase classname="tests.test_provider_api.TestProviderMeEndpoint" name="test_get_provider_profile" time="0.447" /></testsuite></testsuites>